[2025-12-23 02:47:56] NEW_TAB | Untitled
[2025-12-23 02:47:56] AUTOSAVE_START | Autosave every 10 seconds
[2025-12-23 02:47:56] APP_START | Editor launched
[2025-12-23 02:48:29] TOGGLE_THEME | Dark mode ON
[2025-12-23 02:48:31] TOGGLE_THEME | Dark mode OFF
[2025-12-23 02:52:06] NEW_TAB | Untitled
[2025-12-23 02:52:06] AUTOSAVE_START | Autosave every 10 seconds
[2025-12-23 02:52:06] APP_START | Editor launched
[2025-12-23 03:00:27] NEW_TAB | Untitled
[2025-12-23 03:00:27] AUTOSAVE_START | Autosave every 10 seconds
[2025-12-23 03:00:27] APP_START | Editor launched
[2025-12-23 03:01:19] EXPORT_PDF | C:\Users\User\me.pdf
[2025-12-23 03:07:03] APP_START | Editor started
[2025-12-23 03:07:15] EXPORT_PDF | C:/Users/User/Untitled.pdf
[2025-12-23 12:38:36] APP_START | Editor started
[2025-12-26 00:40:05] APP_START | Editor started
[2025-12-26 00:54:40] APP_START | Editor started
[2025-12-26 00:54:48] FONT_CHANGE_TAB | Consolas 12
[2025-12-26 00:54:50] FONT_CHANGE_ALL | Consolas 12
[2025-12-26 00:54:51] FONT_CHANGE_TAB | Kalpurush 14
[2025-12-26 00:54:58] FONT_CHANGE_TAB | Kalpurush 14
[2025-12-26 00:55:29] FONT_CHANGE_TAB | GreekS_IV25 14
[2025-12-26 00:55:52] FONT_CHANGE_TAB | Kalpurush 14
[2025-12-26 00:56:02] FONT_CHANGE_TAB | Kalpurush 14
[2025-12-26 00:56:09] FONT_CHANGE_TAB | Kalpurush 24
[2025-12-26 00:56:13] FONT_CHANGE_TAB | Kalpurush 12
[2025-12-26 00:56:32] FONT_CHANGE_TAB | Yu Gothic UI Light 12
[2025-12-26 00:56:42] FONT_CHANGE_TAB | @MS Gothic 12
[2025-12-26 00:57:09] FONT_CHANGE_TAB | @MS Gothic 13
[2025-12-26 00:57:10] FONT_CHANGE_TAB | @MS Gothic 14
[2025-12-26 00:57:11] FONT_CHANGE_TAB | @MS Gothic 15
[2025-12-26 00:57:11] FONT_CHANGE_TAB | @MS Gothic 16
[2025-12-26 00:57:11] FONT_CHANGE_TAB | @MS Gothic 17
[2025-12-26 00:57:11] FONT_CHANGE_TAB | @MS Gothic 18
[2025-12-26 00:57:11] FONT_CHANGE_TAB | @MS Gothic 19
[2025-12-26 00:57:12] FONT_CHANGE_TAB | @MS Gothic 20
[2025-12-26 00:57:12] FONT_CHANGE_TAB | @MS Gothic 21
[2025-12-26 00:57:12] FONT_CHANGE_TAB | @MS Gothic 22
[2025-12-26 00:57:13] FONT_CHANGE_TAB | @MS Gothic 23
[2025-12-26 00:57:13] FONT_CHANGE_TAB | @MS Gothic 24
[2025-12-26 00:57:16] FONT_CHANGE_TAB | @MS Gothic 23
[2025-12-26 00:57:17] FONT_CHANGE_TAB | @MS Gothic 22
[2025-12-26 00:57:17] FONT_CHANGE_TAB | @MS Gothic 21
[2025-12-26 00:57:17] FONT_CHANGE_TAB | @MS Gothic 20
[2025-12-26 00:57:17] FONT_CHANGE_TAB | @MS Gothic 19
[2025-12-26 00:57:18] FONT_CHANGE_TAB | @MS Gothic 18
[2025-12-26 00:59:43] FONT_CHANGE_TAB | Kalpurush 18
[2025-12-26 00:59:53] FONT_CHANGE_TAB | Kalpurush 16
[2025-12-26 01:22:01] APP_START | Editor started
[2025-12-26 01:22:14] FONT_CHANGE_TAB | Times New Roman 14
[2025-12-26 01:23:06] FONT_CHANGE_TAB | Kalpurush 14
[2025-12-26 01:31:22] FONT_CHANGE_TAB | Kalpurush 14
[2025-12-26 01:42:39] APP_START: Editor started
[2025-12-26 01:44:23] FONT_CHANGE_TAB: Kalpurush 12
[2025-12-26 02:01:41] APP_START: Editor started
[2025-12-26 02:02:12] FONT_CHANGE_TAB: Kalpurush 12
[2025-12-26 02:02:29] FONT_CHANGE_TAB: Kalpurush 14
[2025-12-26 02:02:40] FONT_CHANGE_TAB: Kalpurush 14
[2025-12-26 02:02:41] FONT_CHANGE_ALL: Kalpurush 14
[2025-12-26 02:02:43] FONT_CHANGE_TAB: Kalpurush 14
[2025-12-26 02:02:45] FONT_CHANGE_ALL: Kalpurush 14
[2025-12-26 02:02:47] FONT_CHANGE_TAB: Times New Roman 14
[2025-12-26 02:04:54] FONT_CHANGE_TAB: Kalpurush 14
[2025-12-26 02:05:44] EXPORT_PDF: C:\Users\User\Untitled.pdf
[2025-12-26 02:25:28] APP_START: Editor started
[2025-12-26 02:27:05] FONT_CHANGE_TAB: Kalpurush 14
[2025-12-26 02:28:02] FONT_CHANGE_ALL: Kalpurush 14
[2025-12-26 02:28:03] FONT_CHANGE_ALL: Kalpurush 14
[2025-12-26 02:28:03] FONT_CHANGE_ALL: Kalpurush 14
[2025-12-26 02:28:03] FONT_CHANGE_ALL: Kalpurush 14
[2025-12-26 02:28:05] FONT_CHANGE_TAB: Kalpurush 14
[2025-12-26 02:28:05] FONT_CHANGE_TAB: Kalpurush 14
[2025-12-26 02:28:05] FONT_CHANGE_TAB: Kalpurush 14
[2025-12-26 02:28:06] FONT_CHANGE_TAB: Kalpurush 14
[2025-12-26 02:38:31] APP_START: Editor started
[2025-12-26 02:38:34] FONT_CHANGE_TAB: Consolas 12
[2025-12-26 02:38:35] FONT_CHANGE_ALL: Consolas 12
[2025-12-26 02:38:55] FONT_CHANGE_TAB: Times New Roman 12
[2025-12-26 02:39:00] FONT_CHANGE_TAB: Times New Roman 22
[2025-12-26 02:39:45] FONT_CHANGE_TAB: Times New Roman 14
[2025-12-26 02:39:57] TOGGLE_THEME: dark
[2025-12-26 02:40:40] EXPORT_PDF: C:\Users\User\Untitled.pdf
[2025-12-26 02:41:58] SAVE_FILE: C:\Users\User\w.txt
[2025-12-26 02:50:24] APP_START: Editor started
[2025-12-26 02:51:01] EXPORT_PDF: C:\Users\User\Untitled.pdf
[2025-12-26 02:58:23] APP_START: Editor started
[2025-12-26 02:59:35] EXPORT_REPORT: C:\Users\User\project_report.txt
[2025-12-26 03:01:12] SAVE_FILE: C:\Users\User\jj.txt
[2025-12-26 03:01:41] SAVE_FILE: C:\Users\User\uu.txt
[2025-12-26 03:08:38] APP_START: Editor started
[2025-12-26 03:09:02] APP_START: Editor started
[2025-12-26 03:09:20] SESSION_SAVE: tabs=0
[2025-12-26 03:09:20] APP_EXIT: 
[2025-12-26 03:09:29] APP_START: Editor started
[2025-12-26 03:09:49] SESSION_SAVE: tabs=0
[2025-12-26 03:09:49] APP_EXIT: 
[2025-12-26 03:09:53] APP_START: Editor started
[2025-12-26 03:10:35] APP_START: Editor started
[2025-12-26 03:19:08] APP_START: Editor started
[2025-12-26 03:19:54] APP_START: Editor started
[2025-12-26 03:20:27] APP_START: Editor started
[2025-12-26 03:21:36] APP_START: Editor started
[2025-12-26 03:23:38] APP_START: Editor started
[2025-12-26 03:25:07] APP_START: Editor started
[2025-12-26 03:30:30] APP_START: Editor started
[2025-12-26 11:25:33] APP_START: Editor started
[2025-12-26 11:28:59] APP_START: Editor started
[2025-12-26 11:29:52] APP_START: Editor started
[2025-12-26 11:30:31] APP_START: Editor started
[2025-12-26 11:33:54] APP_START: Editor started
[2025-12-26 11:34:30] EXPORT_PDF: C:\Users\User\Untitled.pdf
[2025-12-26 11:37:31] APP_START: Editor started
[2025-12-26 11:40:37] FONT_CHANGE_ALL: Consolas 12
[2025-12-26 11:40:39] FONT_CHANGE_TAB: Consolas 12
[2025-12-26 11:40:40] FONT_CHANGE_ALL: Consolas 12
[2025-12-26 11:40:40] FONT_CHANGE_ALL: Consolas 12
[2025-12-26 11:40:40] FONT_CHANGE_ALL: Consolas 12
[2025-12-26 11:40:41] FONT_CHANGE_ALL: Consolas 12
[2025-12-26 11:40:44] FONT_CHANGE_TAB: Consolas 12
[2025-12-26 11:40:45] FONT_CHANGE_ALL: Consolas 12
[2025-12-26 11:40:54] FONT_CHANGE_TAB: Consolas 12
[2025-12-26 11:40:55] FONT_CHANGE_ALL: Consolas 12
[2025-12-26 11:40:59] SAVE_ALL: saved=0 skipped=1
[2025-12-26 11:49:47] APP_START: Editor started
[2025-12-26 11:50:02] FONT_CHANGE_ALL: Consolas 12
[2025-12-26 11:50:03] FONT_CHANGE_TAB: Consolas 12
[2025-12-26 11:51:12] APP_START: Editor started
[2025-12-26 11:51:35] EXPORT_PDF: C:\Users\User\Untitled.pdf
[2025-12-26 11:52:43] APP_START: Editor started
[2025-12-26 11:55:31] APP_START: Editor started
[2025-12-26 11:55:44] SESSION_SAVE: tabs=0
[2025-12-26 11:55:44] APP_EXIT: 
[2025-12-26 11:56:07] APP_START: Editor started
[2025-12-26 12:02:15] APP_START: Editor started
[2025-12-26 12:03:10] APP_START: Editor started
[2025-12-26 12:06:54] APP_START: Editor started
[2025-12-26 12:08:49] APP_START: Editor started
[2025-12-26 12:11:08] APP_START: Editor started
[2025-12-26 12:11:22] APP_EXIT: 
[2025-12-26 12:11:35] APP_START: Editor started
[2025-12-26 12:17:33] APP_START: Editor started
[2025-12-26 12:19:24] APP_START: Editor started
[2025-12-26 12:24:20] APP_START: Editor started
[2025-12-26 12:24:37] EXPORT_PDF: C:\Users\User\Untitled.pdf
[2025-12-26 12:24:46] FONT_CHANGE_TAB: Consolas 22
[2025-12-26 12:25:06] APP_START: Editor started
[2025-12-26 12:25:32] APP_EXIT: 
[2025-12-26 12:25:43] APP_START: Editor started
[2025-12-26 12:26:09] APP_START: Editor started
[2025-12-26 12:32:44] APP_EXIT: 
[2025-12-26 12:33:04] APP_START: Editor started
[2025-12-26 12:39:40] APP_START: Editor started
[2025-12-26 12:41:31] EXPORT_PDF: C:\Users\User\Untitled.pdf
[2025-12-26 12:45:06] APP_EXIT: 
[2025-12-26 18:46:32] APP_START: Editor started
[2025-12-26 18:48:15] APP_START: Editor started
[2025-12-26 18:48:53] APP_EXIT: 
[2025-12-26 18:49:56] APP_START: Editor started
[2025-12-26 18:52:04] OPEN_FILE: C:\Users\User\project_report.txt
[2025-12-26 18:52:32] OPEN_FILE: C:\Users\User\ssnnn.txt
[2025-12-26 18:52:53] SAVE_FILE: C:\Users\User\ssnnn.txt
[2025-12-26 18:53:06] SAVE_FILE: C:\Users\User\hhh.txt
[2025-12-26 18:53:59] APP_EXIT: 
[2025-12-26 18:54:13] APP_START: Editor started
[2025-12-26 18:55:23] TOGGLE_THEME: dark
[2025-12-26 18:55:26] TOGGLE_THEME: light
[2025-12-26 18:56:56] EXPORT_REPORT: C:\Users\User\project_report.txt
[2025-12-26 18:58:17] EXPORT_PDF: C:\Users\User\Untitled.pdf
[2025-12-26 19:01:57] FONT_CHANGE_TAB: Times New Roman 12
[2025-12-26 19:02:04] FONT_CHANGE_TAB: Times New Roman 20
[2025-12-26 19:02:07] FONT_CHANGE_TAB: Times New Roman 16
[2025-12-26 19:02:13] FONT_CHANGE_TAB: Times New Roman 14
[2025-12-26 19:03:20] SAVE_FILE: C:\Users\User\zzz.txt
[2025-12-26 19:04:01] SAVE_FILE: C:\Users\User\zzz.txt
[2025-12-26 19:04:10] OPEN_FILE: C:\Users\User\zzz.txt
[2025-12-26 19:04:56] SAVE_FILE: C:\Users\User\zzz.txt
[2025-12-26 19:05:15] OPEN_FILE: C:\Users\User\zzz.txt
[2025-12-26 19:06:24] APP_EXIT: 
[2025-12-26 19:16:42] APP_START: Editor started
[2025-12-26 19:18:54] FONT_CHANGE_TAB: Times New Roman 12
[2025-12-26 19:18:58] FONT_CHANGE_TAB: Times New Roman 14
[2025-12-26 19:21:30] OPEN_FILE: C:\Users\User\zzz.txt
[2025-12-26 19:21:39] SAVE_FILE: C:\Users\User\zzz.txt
[2025-12-26 19:27:25] TOGGLE_THEME: dark
[2025-12-26 19:27:29] TOGGLE_THEME: light
[2025-12-26 19:28:18] EXPORT_REPORT: C:\Users\User\project_report.txt
[2025-12-26 19:29:20] EXPORT_PDF: C:\Users\User\zzz.pdf
[2025-12-26 19:29:48] APP_EXIT: 
[2025-12-26 19:31:04] APP_START: Editor started
[2025-12-26 19:32:11] APP_EXIT: 
[2025-12-26 19:33:18] APP_START: Editor started
[2025-12-26 19:34:29] FONT_CHANGE_TAB: Times New Roman 12
[2025-12-26 19:34:33] FONT_CHANGE_TAB: Times New Roman 14
[2025-12-26 19:35:33] OPEN_FILE: C:\Users\User\zzz.txt
[2025-12-26 19:39:00] TOGGLE_THEME: dark
[2025-12-26 19:39:03] TOGGLE_THEME: light
[2025-12-26 19:41:04] EXPORT_REPORT: C:\Users\User\project_report.txt
[2025-12-26 19:43:02] EXPORT_PDF: C:\Users\User\zzz.pdf
